S11/build/outputs/logs/manifest-merger-debug-report.txt
-- Merging decision tree log ---
manifest
ADDED from src\main\AndroidManifest.xml:1:1-137:12
	package
		ADDED from src\main\AndroidManifest.xml:2:5-26
		INJECTED from src\main\AndroidManifest.xml
		INJECTED from src\main\AndroidManifest.xml
	android:versionName
		ADDED from src\main\AndroidManifest.xml:1:1-137:12
		INJECTED from src\main\AndroidManifest.xml
		INJECTED from src\main\AndroidManifest.xml
	android:versionCode
		ADDED from src\main\AndroidManifest.xml:3:5-28
		INJECTED from src\main\AndroidManifest.xml
		INJECTED from src\main\AndroidManifest.xml
	xmlns:android
		ADDED from src\main\AndroidManifest.xml:1:11-69
uses-sdk
ADDED from src\main\AndroidManifest.xml:9:5-41
MERGED from [com.android.support:support-v4:23.4.0] AndroidManifest.xml:20:5-43
MERGED from [com.android.support:appcompat-v7:23.4.0] AndroidManifest.xml:21:5-23:78
MERGED from [com.android.support:animated-vector-drawable:23.4.0] AndroidManifest.xml:5:5-44
MERGED from [com.android.support:support-vector-drawable:23.4.0] AndroidManifest.xml:5:5-43
MERGED from [com.android.support:support-v4:23.4.0] AndroidManifest.xml:20:5-43
MERGED from [com.android.support:support-v4:23.4.0] AndroidManifest.xml:20:5-43
MERGED from [com.android.support:support-vector-drawable:23.4.0] AndroidManifest.xml:5:5-43
MERGED from [com.android.support:support-v4:23.4.0] AndroidManifest.xml:20:5-43
	tools:overrideLibrary
		ADDED from [com.android.support:appcompat-v7:23.4.0] AndroidManifest.xml:23:9-75
	android:targetSdkVersion
		ADDED from src\main\AndroidManifest.xml:9:5-41
		INJECTED from src\main\AndroidManifest.xml
		INJECTED from src\main\AndroidManifest.xml
	android:minSdkVersion
		ADDED from src\main\AndroidManifest.xml:9:5-41
		INJECTED from src\main\AndroidManifest.xml
		INJECTED from src\main\AndroidManifest.xml
uses-permission#com.honeywell.decode.permission.DECODE
ADDED from src\main\AndroidManifest.xml:11:5-78
	android:name
		ADDED from src\main\AndroidManifest.xml:11:5-78
uses-permission#android.permission.INTERNET
ADDED from src\main\AndroidManifest.xml:12:5-67
	android:name
		ADDED from src\main\AndroidManifest.xml:12:22-72
uses-permission#android.permission.WRITE_EXTERNAL_STORAGE
ADDED from src\main\AndroidManifest.xml:12:5-14:81
	android:name
		ADDED from src\main\AndroidManifest.xml:13:9-39
uses-permission#android.permission.READ_PHONE_STATE
ADDED from src\main\AndroidManifest.xml:11:5-15:75
	android:name
		ADDED from src\main\AndroidManifest.xml:12:9-39
uses-permission#android.permission.READ_EXTERNAL_STORAGE
ADDED from src\main\AndroidManifest.xml:15:9-16:80
	android:name
		ADDED from src\main\AndroidManifest.xml:15:9-16:80
application
ADDED from src\main\AndroidManifest.xml:19:9-137:19
MERGED from [com.android.support:support-v4:23.4.0] AndroidManifest.xml:22:5-20
MERGED from [com.android.support:appcompat-v7:23.4.0] AndroidManifest.xml:25:5-20
MERGED from [com.android.support:animated-vector-drawable:23.4.0] AndroidManifest.xml:7:5-20
MERGED from [com.android.support:support-vector-drawable:23.4.0] AndroidManifest.xml:7:5-20
MERGED from [com.android.support:support-v4:23.4.0] AndroidManifest.xml:22:5-20
MERGED from [com.android.support:support-v4:23.4.0] AndroidManifest.xml:22:5-20
MERGED from [com.android.support:support-vector-drawable:23.4.0] AndroidManifest.xml:7:5-20
MERGED from [com.android.support:support-v4:23.4.0] AndroidManifest.xml:22:5-20
	android:label
		ADDED from src\main\AndroidManifest.xml:25:13-56
	android:allowBackup
		ADDED from src\main\AndroidManifest.xml:19:9-137:19
	android:icon
		ADDED from src\main\AndroidManifest.xml:19:9-137:19
	android:theme
		ADDED from src\main\AndroidManifest.xml:91:13-51
	android:name
		ADDED from src\main\AndroidManifest.xml:24:13-41
activity#com.scandev.MainActivity
ADDED from src\main\AndroidManifest.xml:22:9-33:20
	android:screenOrientation
		ADDED from src\main\AndroidManifest.xml:26:13-49
	android:label
		ADDED from src\main\AndroidManifest.xml:24:13-56
	android:name
		ADDED from src\main\AndroidManifest.xml:23:13-41
intent-filter#android.intent.action.MAIN+android.intent.category.LAUNCHER
ADDED from src\main\AndroidManifest.xml:27:9-32:29
action#android.intent.action.MAIN
ADDED from src\main\AndroidManifest.xml:26:9-29:69
	android:name
		ADDED from src\main\AndroidManifest.xml:27:13-44
category#android.intent.category.LAUNCHER
ADDED from src\main\AndroidManifest.xml:29:9-31:77
	android:name
		ADDED from src\main\AndroidManifest.xml:30:13-46
activity#com.scandev.HomeActivity
ADDED from src\main\AndroidManifest.xml:39:9-42:11
	android:screenOrientation
		ADDED from src\main\AndroidManifest.xml:39:9-42:11
	android:label
		ADDED from src\main\AndroidManifest.xml:41:13-60
	android:launchMode
		ADDED from src\main\AndroidManifest.xml:39:9-42:11
	android:name
		ADDED from src\main\AndroidManifest.xml:40:13-45
activity#com.scandev.CarTypeActivity
ADDED from src\main\AndroidManifest.xml:43:9-47:52
	android:screenOrientation
		ADDED from src\main\AndroidManifest.xml:43:9-47:52
	android:label
		ADDED from src\main\AndroidManifest.xml:45:13-59
	android:launchMode
		ADDED from src\main\AndroidManifest.xml:46:13-44
	android:name
		ADDED from src\main\AndroidManifest.xml:44:13-44
activity#com.scandev.CarNumberActivity
ADDED from src\main\AndroidManifest.xml:51:13-52:52
	android:screenOrientation
		ADDED from src\main\AndroidManifest.xml:51:13-52:52
	android:label
		ADDED from src\main\AndroidManifest.xml:51:13-52:52
	android:launchMode
		ADDED from src\main\AndroidManifest.xml:51:13-52:52
	android:name
		ADDED from src\main\AndroidManifest.xml:52:17-63
activity#com.scandev.FunctionActivity
ADDED from src\main\AndroidManifest.xml:55:9-57:48
	android:screenOrientation
		ADDED from src\main\AndroidManifest.xml:55:9-57:48
	android:label
		ADDED from src\main\AndroidManifest.xml:57:13-55
	android:launchMode
		ADDED from src\main\AndroidManifest.xml:55:9-57:48
	android:name
		ADDED from src\main\AndroidManifest.xml:56:13-40
activity#com.scandev.ScanTypeActivity
ADDED from src\main\AndroidManifest.xml:60:9-62:52
	android:screenOrientation
		ADDED from src\main\AndroidManifest.xml:60:9-62:52
	android:label
		ADDED from src\main\AndroidManifest.xml:62:13-56
	android:launchMode
		ADDED from src\main\AndroidManifest.xml:60:9-62:52
	android:name
		ADDED from src\main\AndroidManifest.xml:61:13-41
activity#com.scandev.HistoryActivity
ADDED from src\main\AndroidManifest.xml:64:9-74:20
	android:screenOrientation
		ADDED from src\main\AndroidManifest.xml:67:13-49
	android:label
		ADDED from src\main\AndroidManifest.xml:66:13-66
	android:parentActivityName
		ADDED from src\main\AndroidManifest.xml:64:9-74:20
	android:launchMode
		ADDED from src\main\AndroidManifest.xml:64:9-74:20
	android:name
		ADDED from src\main\AndroidManifest.xml:65:13-50
meta-data#android.support.PARENT_ACTIVITY
ADDED from src\main\AndroidManifest.xml:72:9-73:64
	android:value
		ADDED from src\main\AndroidManifest.xml:72:9-73:64
	android:name
		ADDED from src\main\AndroidManifest.xml:73:13-52
activity#com.scandev.ArcActivity
ADDED from src\main\AndroidManifest.xml:77:9-79:52
	android:screenOrientation
		ADDED from src\main\AndroidManifest.xml:77:9-79:52
	android:label
		ADDED from src\main\AndroidManifest.xml:77:9-79:52
	android:launchMode
		ADDED from src\main\AndroidManifest.xml:77:9-79:52
	android:name
		ADDED from src\main\AndroidManifest.xml:78:13-50
activity#com.scandev.ScanActivity
ADDED from src\main\AndroidManifest.xml:82:9-84:70
	android:screenOrientation
		ADDED from src\main\AndroidManifest.xml:82:9-84:70
	android:label
		ADDED from src\main\AndroidManifest.xml:82:9-84:70
	android:windowSoftInputMode
		ADDED from src\main\AndroidManifest.xml:82:9-84:70
	android:name
		ADDED from src\main\AndroidManifest.xml:83:13-44
activity#com.scandev.ExceptionEditActivity
ADDED from src\main\AndroidManifest.xml:89:13-58
	android:screenOrientation
		ADDED from src\main\AndroidManifest.xml:89:13-58
	android:label
		ADDED from src\main\AndroidManifest.xml:89:13-58
	android:windowSoftInputMode
		ADDED from src\main\AndroidManifest.xml:89:13-58
	android:name
		ADDED from src\main\AndroidManifest.xml:89:17-43
activity#com.scandev.ExceptionQueryActivity
ADDED from src\main\AndroidManifest.xml:92:9-94:70
	android:screenOrientation
		ADDED from src\main\AndroidManifest.xml:92:9-94:70
	android:label
		ADDED from src\main\AndroidManifest.xml:92:9-94:70
	android:windowSoftInputMode
		ADDED from src\main\AndroidManifest.xml:92:9-94:70
	android:name
		ADDED from src\main\AndroidManifest.xml:93:13-44
activity#com.scandev.ExceptionDetailActivity
ADDED from src\main\AndroidManifest.xml:96:9-97:70
	android:label
		ADDED from src\main\AndroidManifest.xml:96:9-97:70
	android:name
		ADDED from src\main\AndroidManifest.xml:97:13-44
activity#com.scandev.ExceptionCheckActivity
ADDED from src\main\AndroidManifest.xml:95:9-100:69
	android:label
		ADDED from src\main\AndroidManifest.xml:95:9-100:69
	android:name
		ADDED from src\main\AndroidManifest.xml:96:13-44
activity#com.scandev.FullscreenPicActivity
ADDED from src\main\AndroidManifest.xml:101:9-106:20
	android:label
		ADDED from src\main\AndroidManifest.xml:101:9-106:20
	android:configChanges
		ADDED from src\main\AndroidManifest.xml:103:13-63
	android:theme
		ADDED from src\main\AndroidManifest.xml:101:9-106:20
	android:name
		ADDED from src\main\AndroidManifest.xml:102:13-38
activity#com.scandev.ScanOrManualAty
ADDED from src\main\AndroidManifest.xml:107:9-113:20
	android:screenOrientation
		ADDED from src\main\AndroidManifest.xml:110:13-49
	android:windowSoftInputMode
		ADDED from src\main\AndroidManifest.xml:111:13-52
	android:configChanges
		ADDED from src\main\AndroidManifest.xml:109:13-63
	android:name
		ADDED from src\main\AndroidManifest.xml:108:13-46
activity#com.scandev.ManualSearchAty
ADDED from src\main\AndroidManifest.xml:122:1-20
	android:screenOrientation
		ADDED from src\main\AndroidManifest.xml:122:1-20
	android:windowSoftInputMode
		ADDED from src\main\AndroidManifest.xml:122:1-20
	android:configChanges
		ADDED from src\main\AndroidManifest.xml:122:1-20
	android:name
		ADDED from src\main\AndroidManifest.xml:122:1-20
activity#com.scandev.ChooseVBA_IdAty
ADDED from src\main\AndroidManifest.xml:125:1-20
	android:screenOrientation
		ADDED from src\main\AndroidManifest.xml:125:1-20
	android:windowSoftInputMode
		ADDED from src\main\AndroidManifest.xml:125:1-20
	android:configChanges
		ADDED from src\main\AndroidManifest.xml:125:1-20
	android:name
		ADDED from src\main\AndroidManifest.xml:125:1-20
activity#com.scandev.DetailAty
ADDED from src\main\AndroidManifest.xml:128:1-20
	android:screenOrientation
		ADDED from src\main\AndroidManifest.xml:128:1-20
	android:windowSoftInputMode
		ADDED from src\main\AndroidManifest.xml:128:1-20
	android:configChanges
		ADDED from src\main\AndroidManifest.xml:128:1-20
	android:name
		ADDED from src\main\AndroidManifest.xml:128:1-20
activity#com.scandev.InfraredDetailAty
ADDED from src\main\AndroidManifest.xml:131:1-20
	android:screenOrientation
		ADDED from src\main\AndroidManifest.xml:131:1-20
	android:windowSoftInputMode
		ADDED from src\main\AndroidManifest.xml:131:1-20
	android:configChanges
		ADDED from src\main\AndroidManifest.xml:131:1-20
	android:name
		ADDED from src\main\AndroidManifest.xml:131:1-20
activity#com.scandev.UpdateStatusAty
ADDED from src\main\AndroidManifest.xml:134:1-20
	android:screenOrientation
		ADDED from src\main\AndroidManifest.xml:134:1-20
	android:windowSoftInputMode
		ADDED from src\main\AndroidManifest.xml:134:1-20
	android:configChanges
		ADDED from src\main\AndroidManifest.xml:134:1-20
	android:name
		ADDED from src\main\AndroidManifest.xml:134:1-20